> Task :compileJava UP-TO-DATE

> Task :processResources NO-SOURCE

> Task :classes UP-TO-DATE

> Task :compileTestJava UP-TO-DATE


> Task :sonarqube

Task 'sonarqube' is deprecated. Use 'sonar' instead.


> Task :sonarqube FAILED


[Incubating] Problems report is available at: file:///C:/ProgramData/Jenkins/.jenkins/workspace/TP_main/build/reports/problems/problems-report.html


FAILURE: Build failed with an exception.


* What went wrong:

Execution failed for task ':sonarqube'.

> Not authorized. Please check the properties sonar.login and sonar.password.


* Try:

> Run with --stacktrace option to get the stack trace.

> Run with --info or --debug option to get more log output.

> Run with --scan to get full insights.

> Get more help at https://help.gradle.org.


Deprecated Gradle features were used in this build, making it incompatible with Gradle 9.0.


You can use '--warning-mode all' to show the individual deprecation warnings and determine if they come from your own scripts or plugins.


For more on this, please refer to https://docs.gradle.org/8.14/userguide/command_line_interface.html#sec:command_line_warnings in the Gradle documentation.


BUILD FAILED in 8s

3 actionable tasks: 1 executed, 2 up-to-date

script returned exit code 1